e:\vsprojects\tetris1\tetris1stable\tetris1\debug\vc120.pdb
e:\vsprojects\tetris1\tetris1stable\tetris1\debug\vc120.idb
e:\vsprojects\tetris1\tetris1stable\tetris1\debug\animation.obj
e:\vsprojects\tetris1\tetris1stable\tetris1\debug\asset.obj
e:\vsprojects\tetris1\tetris1stable\tetris1\debug\brick.obj
e:\vsprojects\tetris1\tetris1stable\tetris1\debug\coord.obj
e:\vsprojects\tetris1\tetris1stable\tetris1\debug\gameover.obj
e:\vsprojects\tetris1\tetris1stable\tetris1\debug\main.obj
e:\vsprojects\tetris1\tetris1stable\tetris1\debug\main_game.obj
e:\vsprojects\tetris1\tetris1stable\tetris1\debug\main_menu.obj
e:\vsprojects\tetris1\tetris1stable\tetris1\debug\run_input.obj
e:\vsprojects\tetris1\tetris1stable\tetris1\debug\tetris_game.obj
e:\vsprojects\tetris1\tetris1stable\tetris1\debug\tilemap.obj
e:\vsprojects\tetris1\tetris1stable\debug\tetris1.ilk
e:\vsprojects\tetris1\tetris1stable\debug\tetris1.exe
e:\vsprojects\tetris1\tetris1stable\debug\tetris1.pdb
e:\vsprojects\tetris1\tetris1stable\tetris1\debug\tetris1.tlog\cl.command.1.tlog
e:\vsprojects\tetris1\tetris1stable\tetris1\debug\tetris1.tlog\cl.read.1.tlog
e:\vsprojects\tetris1\tetris1stable\tetris1\debug\tetris1.tlog\cl.write.1.tlog
e:\vsprojects\tetris1\tetris1stable\tetris1\debug\tetris1.tlog\link.command.1.tlog
e:\vsprojects\tetris1\tetris1stable\tetris1\debug\tetris1.tlog\link.read.1.tlog
e:\vsprojects\tetris1\tetris1stable\tetris1\debug\tetris1.tlog\link.write.1.tlog
