Build started 26/01/2015 10:02:06.
     1>Project "E:\VSProjects\Tetris1\Tetris1stable\Tetris1\Tetris1.vcxproj" on node 2 (Build target(s)).
     1>ClCompile:
         E:\Program Files (E)\Vexpress\VC\bin\CL.exe /c /I"C:\SFML\SFML-2.1\include" /ZI /nologo /W3 /WX- /sdl /Od /Oy- /D WIN32 /D _DEBUG /D _CONSOLE /D _LIB /D _UNICODE /D UNICODE /Gm /EHsc /RTC1 /MDd /GS /fp:precise /Zc:wchar_t /Zc:forScope /Fo"Debug\\" /Fd"Debug\vc120.pdb" /Gd /TP /analyze- /errorReport:prompt Run_Input.cpp
         Run_Input.cpp
       Link:
         E:\Program Files (E)\Vexpress\VC\bin\link.exe /ERRORREPORT:PROMPT /OUT:"E:\VSProjects\Tetris1\Tetris1stable\Debug\Tetris1.exe" /INCREMENTAL /NOLOGO /LIBPATH:"C:\SFML\SFML-2.1\Libs\Debug" "sfml-graphics-d.lib" "sfml-window-d.lib" "sfml-system-d.lib" "sfml-audio-d.lib" kernel32.lib user32.lib gdi32.lib winspool.lib comdlg32.lib advapi32.lib shell32.lib ole32.lib oleaut32.lib uuid.lib odbc32.lib odbccp32.lib /MANIFEST /MANIFESTUAC:"level='asInvoker' uiAccess='false'" /manifest:embed /DEBUG /PDB:"E:\VSProjects\Tetris1\Tetris1stable\Debug\Tetris1.pdb" /SUBSYSTEM:CONSOLE /TLBID:1 /DYNAMICBASE /NXCOMPAT /IMPLIB:"E:\VSProjects\Tetris1\Tetris1stable\Debug\Tetris1.lib" /MACHINE:X86 Debug\Animation.obj
         Debug\Asset.obj
         Debug\Brick.obj
         Debug\Coord.obj
         Debug\GameOver.obj
         Debug\Main.obj
         Debug\Main_Game.obj
         Debug\Main_Menu.obj
         Debug\Run_Input.obj
         Debug\Tetris_Game.obj
         Debug\TileMap.obj
         Tetris1.vcxproj -> E:\VSProjects\Tetris1\Tetris1stable\Debug\Tetris1.exe
     1>Done Building Project "E:\VSProjects\Tetris1\Tetris1stable\Tetris1\Tetris1.vcxproj" (Build target(s)).

Build succeeded.

Time Elapsed 00:00:01.29
